*[20 Sep 2021 13:46] mysql_connect(): The mysql extension is deprecated and will be removed in the future: use mysqli or PDO instead
*[20 Sep 2021 13:46] mysql_connect(): The mysql extension is deprecated and will be removed in the future: use mysqli or PDO instead
*[20 Sep 2021 13:46] mysql_fetch_assoc() expects parameter 1 to be resource, boolean given
*[20 Sep 2021 13:46] 模板错误:活动模板不存在或缺少文件。
*[20 Sep 2021 13:47] mysql_connect(): The mysql extension is deprecated and will be removed in the future: use mysqli or PDO instead
*[20 Sep 2021 13:47] mysql_connect(): The mysql extension is deprecated and will be removed in the future: use mysqli or PDO instead
*[20 Sep 2021 13:47] Invalid argument supplied for foreach()
*[20 Sep 2021 13:47] Invalid argument supplied for foreach()
*[20 Sep 2021 13:48] mysql_connect(): The mysql extension is deprecated and will be removed in the future: use mysqli or PDO instead
*[20 Sep 2021 13:48] mysql_connect(): The mysql extension is deprecated and will be removed in the future: use mysqli or PDO instead
*[20 Sep 2021 13:48] Invalid argument supplied for foreach()
*[20 Sep 2021 13:48] Invalid argument supplied for foreach()
*[20 Sep 2021 13:49] mysql_connect(): The mysql extension is deprecated and will be removed in the future: use mysqli or PDO instead
*[20 Sep 2021 13:49] mysql_connect(): The mysql extension is deprecated and will be removed in the future: use mysqli or PDO instead
*[20 Sep 2021 13:49] Invalid argument supplied for foreach()
*[20 Sep 2021 13:49] mysql_num_rows() expects parameter 1 to be resource, boolean given
*[20 Sep 2021 13:49] Invalid argument supplied for foreach()
*[20 Sep 2021 13:50] mysql_connect(): The mysql extension is deprecated and will be removed in the future: use mysqli or PDO instead
*[20 Sep 2021 13:50] mysql_connect(): The mysql extension is deprecated and will be removed in the future: use mysqli or PDO instead
*[20 Sep 2021 13:50] Invalid argument supplied for foreach()
*[20 Sep 2021 13:50] mysql_connect(): The mysql extension is deprecated and will be removed in the future: use mysqli or PDO instead
*[20 Sep 2021 13:50] mysql_connect(): The mysql extension is deprecated and will be removed in the future: use mysqli or PDO instead
*[20 Sep 2021 13:50] mysql_num_rows() expects parameter 1 to be resource, boolean given
*[20 Sep 2021 13:50] Invalid argument supplied for foreach()
*[20 Sep 2021 13:50] Invalid argument supplied for foreach()
*[20 Sep 2021 13:50] mysql_num_rows() expects parameter 1 to be resource, boolean given
*[20 Sep 2021 13:50] mysql_num_rows() expects parameter 1 to be resource, boolean given
*[20 Sep 2021 13:50] mysql_num_rows() expects parameter 1 to be resource, boolean given
*[20 Sep 2021 13:50] mysql_fetch_assoc() expects parameter 1 to be resource, boolean given
*[20 Sep 2021 13:50] mysql_fetch_assoc() expects parameter 1 to be resource, boolean given
*[20 Sep 2021 13:50] Invalid argument supplied for foreach()
*[20 Sep 2021 13:51] mysql_connect(): The mysql extension is deprecated and will be removed in the future: use mysqli or PDO instead
*[20 Sep 2021 13:51] mysql_connect(): The mysql extension is deprecated and will be removed in the future: use mysqli or PDO instead
*[20 Sep 2021 13:51] Invalid argument supplied for foreach()
*[20 Sep 2021 13:51] mysql_num_rows() expects parameter 1 to be resource, boolean given
*[20 Sep 2021 13:51] mysql_num_rows() expects parameter 1 to be resource, boolean given
*[20 Sep 2021 13:51] Invalid argument supplied for foreach()
*[20 Sep 2021 13:51] mysql_connect(): The mysql extension is deprecated and will be removed in the future: use mysqli or PDO instead
*[20 Sep 2021 13:51] mysql_connect(): The mysql extension is deprecated and will be removed in the future: use mysqli or PDO instead
*[20 Sep 2021 13:51] Invalid argument supplied for foreach()
*[20 Sep 2021 13:51] mysql_num_rows() expects parameter 1 to be resource, boolean given
*[20 Sep 2021 13:51] mysql_num_rows() expects parameter 1 to be resource, boolean given
*[20 Sep 2021 13:51] mysql_fetch_assoc() expects parameter 1 to be resource, boolean given
*[20 Sep 2021 13:51] mysql_fetch_assoc() expects parameter 1 to be resource, boolean given
*[20 Sep 2021 13:51] Invalid argument supplied for foreach()
*[20 Sep 2021 13:51] mysql_connect(): The mysql extension is deprecated and will be removed in the future: use mysqli or PDO instead
*[20 Sep 2021 13:51] mysql_connect(): The mysql extension is deprecated and will be removed in the future: use mysqli or PDO instead
*[20 Sep 2021 13:52] Invalid argument supplied for foreach()
*[20 Sep 2021 13:52] mysql_connect(): The mysql extension is deprecated and will be removed in the future: use mysqli or PDO instead
*[20 Sep 2021 13:52] mysql_connect(): The mysql extension is deprecated and will be removed in the future: use mysqli or PDO instead
*[20 Sep 2021 13:52] mysql_num_rows() expects parameter 1 to be resource, boolean given
*[20 Sep 2021 13:52] Invalid argument supplied for foreach()
*[20 Sep 2021 13:52] mysql_num_rows() expects parameter 1 to be resource, boolean given
*[20 Sep 2021 13:52] mysql_num_rows() expects parameter 1 to be resource, boolean given
*[20 Sep 2021 13:52] mysql_connect(): The mysql extension is deprecated and will be removed in the future: use mysqli or PDO instead
*[20 Sep 2021 13:52] mysql_fetch_assoc() expects parameter 1 to be resource, boolean given
*[20 Sep 2021 13:52] mysql_fetch_assoc() expects parameter 1 to be resource, boolean given
*[20 Sep 2021 13:52] mysql_num_rows() expects parameter 1 to be resource, boolean given
*[20 Sep 2021 13:52] mysql_connect(): The mysql extension is deprecated and will be removed in the future: use mysqli or PDO instead
*[20 Sep 2021 13:52] Invalid argument supplied for foreach()
*[20 Sep 2021 13:52] Invalid argument supplied for foreach()
*[20 Sep 2021 13:52] mysql_fetch_assoc() expects parameter 1 to be resource, boolean given
*[20 Sep 2021 13:52] mysql_fetch_assoc() expects parameter 1 to be resource, boolean given
*[20 Sep 2021 13:52] Invalid argument supplied for foreach()
*[20 Sep 2021 13:52] Invalid argument supplied for foreach()
*[20 Sep 2021 13:52] mysql_connect(): The mysql extension is deprecated and will be removed in the future: use mysqli or PDO instead
*[20 Sep 2021 13:52] mysql_connect(): The mysql extension is deprecated and will be removed in the future: use mysqli or PDO instead
*[20 Sep 2021 13:52] Invalid argument supplied for foreach()
*[20 Sep 2021 13:52] Invalid argument supplied for foreach()
*[20 Sep 2021 13:52] mysql_connect(): The mysql extension is deprecated and will be removed in the future: use mysqli or PDO instead
*[20 Sep 2021 13:52] mysql_connect(): The mysql extension is deprecated and will be removed in the future: use mysqli or PDO instead
*[20 Sep 2021 13:52] Invalid argument supplied for foreach()
*[20 Sep 2021 13:52] mysql_num_rows() expects parameter 1 to be resource, boolean given
*[20 Sep 2021 13:52] mysql_num_rows() expects parameter 1 to be resource, boolean given
*[20 Sep 2021 13:52] mysql_fetch_assoc() expects parameter 1 to be resource, boolean given
*[20 Sep 2021 13:52] mysql_fetch_assoc() expects parameter 1 to be resource, boolean given
*[20 Sep 2021 13:52] Invalid argument supplied for foreach()
*[20 Sep 2021 13:52] mysql_connect(): The mysql extension is deprecated and will be removed in the future: use mysqli or PDO instead
*[20 Sep 2021 13:52] mysql_connect(): The mysql extension is deprecated and will be removed in the future: use mysqli or PDO instead
*[20 Sep 2021 13:52] Invalid argument supplied for foreach()
*[20 Sep 2021 13:52] Invalid argument supplied for foreach()
*[20 Sep 2021 13:53] mysql_connect(): The mysql extension is deprecated and will be removed in the future: use mysqli or PDO instead
*[20 Sep 2021 13:53] mysql_connect(): The mysql extension is deprecated and will be removed in the future: use mysqli or PDO instead
*[20 Sep 2021 13:53] Invalid argument supplied for foreach()
*[20 Sep 2021 13:53] Invalid argument supplied for foreach()
*[20 Sep 2021 13:53] mysql_connect(): The mysql extension is deprecated and will be removed in the future: use mysqli or PDO instead
*[20 Sep 2021 13:53] mysql_connect(): The mysql extension is deprecated and will be removed in the future: use mysqli or PDO instead
*[20 Sep 2021 13:53] Invalid argument supplied for foreach()
*[20 Sep 2021 13:53] mysql_num_rows() expects parameter 1 to be resource, boolean given
*[20 Sep 2021 13:53] Invalid argument supplied for foreach()
*[20 Sep 2021 13:54] mysql_connect(): The mysql extension is deprecated and will be removed in the future: use mysqli or PDO instead
*[20 Sep 2021 13:54] mysql_connect(): The mysql extension is deprecated and will be removed in the future: use mysqli or PDO instead
*[20 Sep 2021 13:54] Invalid argument supplied for foreach()
*[20 Sep 2021 13:54] mysql_num_rows() expects parameter 1 to be resource, boolean given
*[20 Sep 2021 13:54] mysql_num_rows() expects parameter 1 to be resource, boolean given
*[20 Sep 2021 13:54] mysql_num_rows() expects parameter 1 to be resource, boolean given
*[20 Sep 2021 13:54] mysql_fetch_assoc() expects parameter 1 to be resource, boolean given
*[20 Sep 2021 13:54] mysql_fetch_assoc() expects parameter 1 to be resource, boolean given
*[20 Sep 2021 13:54] Invalid argument supplied for foreach()
*[20 Sep 2021 13:54] mysql_connect(): The mysql extension is deprecated and will be removed in the future: use mysqli or PDO instead
*[20 Sep 2021 13:55] mysql_connect(): The mysql extension is deprecated and will be removed in the future: use mysqli or PDO instead
*[20 Sep 2021 13:55] Invalid argument supplied for foreach()
*[20 Sep 2021 13:55] mysql_num_rows() expects parameter 1 to be resource, boolean given
*[20 Sep 2021 13:55] mysql_num_rows() expects parameter 1 to be resource, boolean given
*[20 Sep 2021 13:55] Invalid argument supplied for foreach()
*[20 Sep 2021 13:55] mysql_connect(): The mysql extension is deprecated and will be removed in the future: use mysqli or PDO instead
*[20 Sep 2021 13:55] mysql_connect(): The mysql extension is deprecated and will be removed in the future: use mysqli or PDO instead
*[20 Sep 2021 13:55] Invalid argument supplied for foreach()
*[20 Sep 2021 13:55] mysql_num_rows() expects parameter 1 to be resource, boolean given
*[20 Sep 2021 13:55] mysql_num_rows() expects parameter 1 to be resource, boolean given
*[20 Sep 2021 13:55] mysql_num_rows() expects parameter 1 to be resource, boolean given
*[20 Sep 2021 13:55] Non-static method shop::listAll() should not be called statically, assuming $this from incompatible context
*[20 Sep 2021 13:55] Invalid argument supplied for foreach()
*[20 Sep 2021 13:55] mysql_connect(): The mysql extension is deprecated and will be removed in the future: use mysqli or PDO instead
*[20 Sep 2021 13:55] mysql_connect(): The mysql extension is deprecated and will be removed in the future: use mysqli or PDO instead
*[20 Sep 2021 13:55] Invalid argument supplied for foreach()
*[20 Sep 2021 13:55] mysql_num_rows() expects parameter 1 to be resource, boolean given
*[20 Sep 2021 13:55] mysql_num_rows() expects parameter 1 to be resource, boolean given
*[20 Sep 2021 13:56] mysql_connect(): The mysql extension is deprecated and will be removed in the future: use mysqli or PDO instead
*[20 Sep 2021 13:56] mysql_connect(): The mysql extension is deprecated and will be removed in the future: use mysqli or PDO instead
*[20 Sep 2021 13:56] mysql_num_rows() expects parameter 1 to be resource, boolean given
*[20 Sep 2021 13:56] mysql_num_rows() expects parameter 1 to be resource, boolean given
*[20 Sep 2021 13:56] Invalid argument supplied for foreach()
*[20 Sep 2021 13:56] Invalid argument supplied for foreach()
*[20 Sep 2021 13:56] mysql_num_rows() expects parameter 1 to be resource, boolean given
*[20 Sep 2021 13:56] mysql_num_rows() expects parameter 1 to be resource, boolean given
*[20 Sep 2021 13:56] Invalid argument supplied for foreach()
*[20 Sep 2021 13:57] mysql_connect(): The mysql extension is deprecated and will be removed in the future: use mysqli or PDO instead
*[20 Sep 2021 13:57] mysql_connect(): The mysql extension is deprecated and will be removed in the future: use mysqli or PDO instead
*[20 Sep 2021 13:57] Invalid argument supplied for foreach()
*[20 Sep 2021 13:57] mysql_num_rows() expects parameter 1 to be resource, boolean given
*[20 Sep 2021 13:57] mysql_num_rows() expects parameter 1 to be resource, boolean given
*[20 Sep 2021 13:57] Invalid argument supplied for foreach()
*[20 Sep 2021 13:57] mysql_connect(): The mysql extension is deprecated and will be removed in the future: use mysqli or PDO instead
*[20 Sep 2021 13:57] mysql_connect(): The mysql extension is deprecated and will be removed in the future: use mysqli or PDO instead
*[20 Sep 2021 13:57] Invalid argument supplied for foreach()
*[20 Sep 2021 13:57] mysql_connect(): The mysql extension is deprecated and will be removed in the future: use mysqli or PDO instead
*[20 Sep 2021 13:57] mysql_connect(): The mysql extension is deprecated and will be removed in the future: use mysqli or PDO instead
*[20 Sep 2021 13:57] mysql_fetch_assoc() expects parameter 1 to be resource, boolean given
*[20 Sep 2021 13:57] 模板错误:活动模板不存在或缺少文件。
*[20 Sep 2021 14:03] mysql_connect(): The mysql extension is deprecated and will be removed in the future: use mysqli or PDO instead
*[20 Sep 2021 14:04] mysql_connect(): The mysql extension is deprecated and will be removed in the future: use mysqli or PDO instead
*[20 Sep 2021 14:04] mysql_fetch_assoc() expects parameter 1 to be resource, boolean given
*[20 Sep 2021 14:04] 模板错误:活动模板不存在或缺少文件。
*[20 Sep 2021 14:04] mysql_connect(): The mysql extension is deprecated and will be removed in the future: use mysqli or PDO instead
*[20 Sep 2021 14:04] mysql_connect(): The mysql extension is deprecated and will be removed in the future: use mysqli or PDO instead
*[20 Sep 2021 14:04] mysql_fetch_assoc() expects parameter 1 to be resource, boolean given
*[20 Sep 2021 14:04] 模板错误:活动模板不存在或缺少文件。
*[20 Sep 2021 14:04] mysql_connect(): The mysql extension is deprecated and will be removed in the future: use mysqli or PDO instead
*[20 Sep 2021 14:04] mysql_connect(): The mysql extension is deprecated and will be removed in the future: use mysqli or PDO instead
*[20 Sep 2021 14:04] mysql_fetch_assoc() expects parameter 1 to be resource, boolean given
*[20 Sep 2021 14:04] 模板错误:活动模板不存在或缺少文件。
*[20 Sep 2021 14:04] mysql_connect(): The mysql extension is deprecated and will be removed in the future: use mysqli or PDO instead
*[20 Sep 2021 14:04] mysql_connect(): The mysql extension is deprecated and will be removed in the future: use mysqli or PDO instead
*[20 Sep 2021 14:04] mysql_fetch_assoc() expects parameter 1 to be resource, boolean given
*[20 Sep 2021 14:04] 模板错误:活动模板不存在或缺少文件。
*[20 Sep 2021 14:04] mysql_connect(): The mysql extension is deprecated and will be removed in the future: use mysqli or PDO instead
*[20 Sep 2021 14:04] mysql_connect(): The mysql extension is deprecated and will be removed in the future: use mysqli or PDO instead
*[20 Sep 2021 14:04] mysql_fetch_assoc() expects parameter 1 to be resource, boolean given
*[20 Sep 2021 14:04] 模板错误:活动模板不存在或缺少文件。
*[20 Sep 2021 14:04] mysql_connect(): The mysql extension is deprecated and will be removed in the future: use mysqli or PDO instead
*[20 Sep 2021 14:04] mysql_connect(): The mysql extension is deprecated and will be removed in the future: use mysqli or PDO instead
*[20 Sep 2021 14:04] mysql_fetch_assoc() expects parameter 1 to be resource, boolean given
*[20 Sep 2021 14:04] 模板错误:活动模板不存在或缺少文件。
*[20 Sep 2021 14:04] mysql_connect(): The mysql extension is deprecated and will be removed in the future: use mysqli or PDO instead
*[20 Sep 2021 14:04] mysql_connect(): The mysql extension is deprecated and will be removed in the future: use mysqli or PDO instead
*[20 Sep 2021 14:04] mysql_fetch_assoc() expects parameter 1 to be resource, boolean given
*[20 Sep 2021 14:04] 模板错误:活动模板不存在或缺少文件。
*[20 Sep 2021 14:05] mysql_connect(): The mysql extension is deprecated and will be removed in the future: use mysqli or PDO instead
*[20 Sep 2021 14:05] mysql_connect(): The mysql extension is deprecated and will be removed in the future: use mysqli or PDO instead
*[20 Sep 2021 14:05] mysql_fetch_assoc() expects parameter 1 to be resource, boolean given
*[20 Sep 2021 14:05] 模板错误:活动模板不存在或缺少文件。
*[20 Sep 2021 14:05] mysql_connect(): The mysql extension is deprecated and will be removed in the future: use mysqli or PDO instead
*[20 Sep 2021 14:05] mysql_connect(): The mysql extension is deprecated and will be removed in the future: use mysqli or PDO instead
*[20 Sep 2021 14:05] Invalid argument supplied for foreach()
*[20 Sep 2021 14:05] Invalid argument supplied for foreach()
*[20 Sep 2021 14:08] mysql_connect(): The mysql extension is deprecated and will be removed in the future: use mysqli or PDO instead
*[20 Sep 2021 14:08] mysql_connect(): The mysql extension is deprecated and will be removed in the future: use mysqli or PDO instead
*[20 Sep 2021 14:09] Invalid argument supplied for foreach()
*[20 Sep 2021 14:09] Invalid argument supplied for foreach()
*[20 Sep 2021 14:09] mysql_connect(): The mysql extension is deprecated and will be removed in the future: use mysqli or PDO instead
*[20 Sep 2021 14:09] mysql_connect(): The mysql extension is deprecated and will be removed in the future: use mysqli or PDO instead
*[20 Sep 2021 14:09] Invalid argument supplied for foreach()
*[20 Sep 2021 14:09] Invalid argument supplied for foreach()
*[20 Sep 2021 14:10] mysql_connect(): The mysql extension is deprecated and will be removed in the future: use mysqli or PDO instead
*[20 Sep 2021 14:10] mysql_connect(): The mysql extension is deprecated and will be removed in the future: use mysqli or PDO instead
*[20 Sep 2021 14:10] Invalid argument supplied for foreach()
*[20 Sep 2021 14:10] Invalid argument supplied for foreach()
*[20 Sep 2021 14:11] mysql_connect(): The mysql extension is deprecated and will be removed in the future: use mysqli or PDO instead
*[20 Sep 2021 14:11] mysql_connect(): The mysql extension is deprecated and will be removed in the future: use mysqli or PDO instead
*[20 Sep 2021 14:11] Invalid argument supplied for foreach()
*[20 Sep 2021 14:11] Invalid argument supplied for foreach()
*[20 Sep 2021 14:11] mysql_connect(): The mysql extension is deprecated and will be removed in the future: use mysqli or PDO instead
*[20 Sep 2021 14:11] mysql_connect(): The mysql extension is deprecated and will be removed in the future: use mysqli or PDO instead
*[20 Sep 2021 14:11] Invalid argument supplied for foreach()
*[20 Sep 2021 14:11] Invalid argument supplied for foreach()
*[20 Sep 2021 14:11] mysql_connect(): The mysql extension is deprecated and will be removed in the future: use mysqli or PDO instead
*[20 Sep 2021 14:12] mysql_connect(): The mysql extension is deprecated and will be removed in the future: use mysqli or PDO instead
*[20 Sep 2021 14:12] Invalid argument supplied for foreach()
*[20 Sep 2021 14:12] Invalid argument supplied for foreach()
*[20 Sep 2021 14:14] mysql_connect(): The mysql extension is deprecated and will be removed in the future: use mysqli or PDO instead
*[20 Sep 2021 14:14] mysql_connect(): The mysql extension is deprecated and will be removed in the future: use mysqli or PDO instead
*[20 Sep 2021 14:14] Invalid argument supplied for foreach()
*[20 Sep 2021 14:14] Invalid argument supplied for foreach()
*[20 Sep 2021 14:15] mysql_connect(): The mysql extension is deprecated and will be removed in the future: use mysqli or PDO instead
*[20 Sep 2021 14:15] mysql_connect(): The mysql extension is deprecated and will be removed in the future: use mysqli or PDO instead
*[20 Sep 2021 14:15] Invalid argument supplied for foreach()
*[20 Sep 2021 14:15] mysql_connect(): The mysql extension is deprecated and will be removed in the future: use mysqli or PDO instead
*[20 Sep 2021 14:15] Invalid argument supplied for foreach()
*[20 Sep 2021 14:15] mysql_connect(): The mysql extension is deprecated and will be removed in the future: use mysqli or PDO instead
*[20 Sep 2021 14:15] mysql_connect(): The mysql extension is deprecated and will be removed in the future: use mysqli or PDO instead
*[20 Sep 2021 14:15] Invalid argument supplied for foreach()
*[20 Sep 2021 14:15] Invalid argument supplied for foreach()
*[20 Sep 2021 14:16] mysql_connect(): The mysql extension is deprecated and will be removed in the future: use mysqli or PDO instead
*[20 Sep 2021 14:16] mysql_connect(): The mysql extension is deprecated and will be removed in the future: use mysqli or PDO instead
*[20 Sep 2021 14:16] Invalid argument supplied for foreach()
*[20 Sep 2021 14:16] mysql_connect(): The mysql extension is deprecated and will be removed in the future: use mysqli or PDO instead
*[20 Sep 2021 14:16] Invalid argument supplied for foreach()
*[20 Sep 2021 14:17] mysql_connect(): The mysql extension is deprecated and will be removed in the future: use mysqli or PDO instead
*[20 Sep 2021 14:17] mysql_connect(): The mysql extension is deprecated and will be removed in the future: use mysqli or PDO instead
*[20 Sep 2021 14:17] Invalid argument supplied for foreach()
*[20 Sep 2021 14:17] mysql_connect(): The mysql extension is deprecated and will be removed in the future: use mysqli or PDO instead
*[20 Sep 2021 14:17] Invalid argument supplied for foreach()
*[20 Sep 2021 14:19] mysql_connect(): The mysql extension is deprecated and will be removed in the future: use mysqli or PDO instead
*[20 Sep 2021 14:19] mysql_connect(): The mysql extension is deprecated and will be removed in the future: use mysqli or PDO instead
*[20 Sep 2021 14:19] Invalid argument supplied for foreach()
*[20 Sep 2021 14:19] mysql_connect(): The mysql extension is deprecated and will be removed in the future: use mysqli or PDO instead
*[20 Sep 2021 14:19] Invalid argument supplied for foreach()
*[20 Sep 2021 14:28] mysql_connect(): The mysql extension is deprecated and will be removed in the future: use mysqli or PDO instead
*[20 Sep 2021 14:28] mysql_connect(): The mysql extension is deprecated and will be removed in the future: use mysqli or PDO instead
*[20 Sep 2021 14:28] Invalid argument supplied for foreach()
*[20 Sep 2021 14:29] Invalid argument supplied for foreach()
*[20 Sep 2021 14:29] mysql_connect(): The mysql extension is deprecated and will be removed in the future: use mysqli or PDO instead
*[20 Sep 2021 14:29] mysql_connect(): The mysql extension is deprecated and will be removed in the future: use mysqli or PDO instead
*[20 Sep 2021 14:29] Invalid argument supplied for foreach()
*[20 Sep 2021 14:29] mysql_connect(): The mysql extension is deprecated and will be removed in the future: use mysqli or PDO instead
*[20 Sep 2021 14:29] Invalid argument supplied for foreach()
*[20 Sep 2021 14:30] mysql_connect(): The mysql extension is deprecated and will be removed in the future: use mysqli or PDO instead
*[20 Sep 2021 14:30] mysql_connect(): The mysql extension is deprecated and will be removed in the future: use mysqli or PDO instead
*[20 Sep 2021 14:30] Invalid argument supplied for foreach()
*[20 Sep 2021 14:30] Invalid argument supplied for foreach()
*[20 Sep 2021 14:32] mysql_connect(): The mysql extension is deprecated and will be removed in the future: use mysqli or PDO instead
*[20 Sep 2021 14:32] mysql_connect(): The mysql extension is deprecated and will be removed in the future: use mysqli or PDO instead
*[20 Sep 2021 14:32] Invalid argument supplied for foreach()
*[20 Sep 2021 14:32] mysql_connect(): The mysql extension is deprecated and will be removed in the future: use mysqli or PDO instead
*[20 Sep 2021 14:32] Invalid argument supplied for foreach()
*[20 Sep 2021 14:33] mysql_connect(): The mysql extension is deprecated and will be removed in the future: use mysqli or PDO instead
*[20 Sep 2021 14:33] mysql_connect(): The mysql extension is deprecated and will be removed in the future: use mysqli or PDO instead
*[20 Sep 2021 14:33] Invalid argument supplied for foreach()
*[20 Sep 2021 14:33] Invalid argument supplied for foreach()
*[20 Sep 2021 14:33] mysql_connect(): The mysql extension is deprecated and will be removed in the future: use mysqli or PDO instead
*[20 Sep 2021 14:33] mysql_connect(): The mysql extension is deprecated and will be removed in the future: use mysqli or PDO instead
*[20 Sep 2021 14:33] Invalid argument supplied for foreach()
*[20 Sep 2021 14:33] mysql_connect(): The mysql extension is deprecated and will be removed in the future: use mysqli or PDO instead
*[20 Sep 2021 14:33] Invalid argument supplied for foreach()
*[20 Sep 2021 14:36] mysql_connect(): The mysql extension is deprecated and will be removed in the future: use mysqli or PDO instead
*[20 Sep 2021 14:36] mysql_connect(): The mysql extension is deprecated and will be removed in the future: use mysqli or PDO instead
*[20 Sep 2021 14:36] Invalid argument supplied for foreach()
*[20 Sep 2021 14:36] Invalid argument supplied for foreach()
*[20 Sep 2021 14:36] mysql_connect(): The mysql extension is deprecated and will be removed in the future: use mysqli or PDO instead
*[20 Sep 2021 14:36] mysql_connect(): The mysql extension is deprecated and will be removed in the future: use mysqli or PDO instead
*[20 Sep 2021 14:36] Invalid argument supplied for foreach()
*[20 Sep 2021 14:36] mysql_connect(): The mysql extension is deprecated and will be removed in the future: use mysqli or PDO instead
*[20 Sep 2021 14:36] Invalid argument supplied for foreach()
*[20 Sep 2021 14:39] mysql_connect(): The mysql extension is deprecated and will be removed in the future: use mysqli or PDO instead
*[20 Sep 2021 14:39] mysql_connect(): The mysql extension is deprecated and will be removed in the future: use mysqli or PDO instead
*[20 Sep 2021 14:39] Invalid argument supplied for foreach()
*[20 Sep 2021 14:39] mysql_connect(): The mysql extension is deprecated and will be removed in the future: use mysqli or PDO instead
*[20 Sep 2021 14:39] Invalid argument supplied for foreach()
*[20 Sep 2021 14:40] mysql_connect(): The mysql extension is deprecated and will be removed in the future: use mysqli or PDO instead
*[20 Sep 2021 14:40] mysql_connect(): The mysql extension is deprecated and will be removed in the future: use mysqli or PDO instead
*[20 Sep 2021 14:40] Invalid argument supplied for foreach()
*[20 Sep 2021 14:40] mysql_connect(): The mysql extension is deprecated and will be removed in the future: use mysqli or PDO instead
*[20 Sep 2021 14:40] Invalid argument supplied for foreach()
*[20 Sep 2021 14:42] mysql_connect(): The mysql extension is deprecated and will be removed in the future: use mysqli or PDO instead
*[20 Sep 2021 14:42] mysql_connect(): The mysql extension is deprecated and will be removed in the future: use mysqli or PDO instead
*[20 Sep 2021 14:42] Invalid argument supplied for foreach()
*[20 Sep 2021 14:42] Invalid argument supplied for foreach()
*[20 Sep 2021 14:43] mysql_connect(): The mysql extension is deprecated and will be removed in the future: use mysqli or PDO instead
*[20 Sep 2021 14:43] mysql_connect(): The mysql extension is deprecated and will be removed in the future: use mysqli or PDO instead
*[20 Sep 2021 14:43] Invalid argument supplied for foreach()
*[20 Sep 2021 14:43] Invalid argument supplied for foreach()
*[20 Sep 2021 14:44] mysql_connect(): The mysql extension is deprecated and will be removed in the future: use mysqli or PDO instead
*[20 Sep 2021 14:45] mysql_connect(): The mysql extension is deprecated and will be removed in the future: use mysqli or PDO instead
*[20 Sep 2021 14:45] Invalid argument supplied for foreach()
*[20 Sep 2021 14:45] mysql_connect(): The mysql extension is deprecated and will be removed in the future: use mysqli or PDO instead
*[20 Sep 2021 14:45] Invalid argument supplied for foreach()
*[20 Sep 2021 14:54] mysql_connect(): The mysql extension is deprecated and will be removed in the future: use mysqli or PDO instead
*[20 Sep 2021 14:54] mysql_connect(): The mysql extension is deprecated and will be removed in the future: use mysqli or PDO instead
*[20 Sep 2021 14:54] Invalid argument supplied for foreach()
*[20 Sep 2021 14:54] mysql_connect(): The mysql extension is deprecated and will be removed in the future: use mysqli or PDO instead
*[20 Sep 2021 14:54] Invalid argument supplied for foreach()
*[20 Sep 2021 14:59] mysql_connect(): The mysql extension is deprecated and will be removed in the future: use mysqli or PDO instead
*[20 Sep 2021 14:59] mysql_connect(): The mysql extension is deprecated and will be removed in the future: use mysqli or PDO instead
*[20 Sep 2021 14:59] mysql_fetch_assoc() expects parameter 1 to be resource, boolean given
*[20 Sep 2021 14:59] 模板错误:活动模板不存在或缺少文件。
*[20 Sep 2021 14:59] mysql_connect(): The mysql extension is deprecated and will be removed in the future: use mysqli or PDO instead
*[20 Sep 2021 14:59] mysql_connect(): The mysql extension is deprecated and will be removed in the future: use mysqli or PDO instead
*[20 Sep 2021 15:00] mysql_fetch_assoc() expects parameter 1 to be resource, boolean given
*[20 Sep 2021 15:00] 模板错误:活动模板不存在或缺少文件。
*[20 Sep 2021 15:00] mysql_connect(): The mysql extension is deprecated and will be removed in the future: use mysqli or PDO instead
*[20 Sep 2021 15:00] mysql_connect(): The mysql extension is deprecated and will be removed in the future: use mysqli or PDO instead
*[20 Sep 2021 15:00] mysql_fetch_assoc() expects parameter 1 to be resource, boolean given
*[20 Sep 2021 15:00] 模板错误:活动模板不存在或缺少文件。
*[20 Sep 2021 15:00] mysql_connect(): The mysql extension is deprecated and will be removed in the future: use mysqli or PDO instead
*[20 Sep 2021 15:00] mysql_connect(): The mysql extension is deprecated and will be removed in the future: use mysqli or PDO instead
*[20 Sep 2021 15:00] mysql_fetch_assoc() expects parameter 1 to be resource, boolean given
*[20 Sep 2021 15:00] 模板错误:活动模板不存在或缺少文件。
*[20 Sep 2021 15:00] mysql_connect(): The mysql extension is deprecated and will be removed in the future: use mysqli or PDO instead
*[20 Sep 2021 15:00] mysql_connect(): The mysql extension is deprecated and will be removed in the future: use mysqli or PDO instead
*[20 Sep 2021 15:00] mysql_fetch_assoc() expects parameter 1 to be resource, boolean given
*[20 Sep 2021 15:00] 模板错误:活动模板不存在或缺少文件。
*[20 Sep 2021 15:00] mysql_connect(): The mysql extension is deprecated and will be removed in the future: use mysqli or PDO instead
*[20 Sep 2021 15:00] mysql_connect(): The mysql extension is deprecated and will be removed in the future: use mysqli or PDO instead
*[20 Sep 2021 15:00] mysql_fetch_assoc() expects parameter 1 to be resource, boolean given
*[20 Sep 2021 15:00] 模板错误:活动模板不存在或缺少文件。
*[20 Sep 2021 15:00] mysql_connect(): The mysql extension is deprecated and will be removed in the future: use mysqli or PDO instead
*[20 Sep 2021 15:00] mysql_connect(): The mysql extension is deprecated and will be removed in the future: use mysqli or PDO instead
*[20 Sep 2021 15:00] mysql_fetch_assoc() expects parameter 1 to be resource, boolean given
*[20 Sep 2021 15:00] 模板错误:活动模板不存在或缺少文件。
*[20 Sep 2021 15:02] mysql_connect(): The mysql extension is deprecated and will be removed in the future: use mysqli or PDO instead
*[20 Sep 2021 15:02] mysql_connect(): The mysql extension is deprecated and will be removed in the future: use mysqli or PDO instead
*[20 Sep 2021 15:02] Invalid argument supplied for foreach()
*[20 Sep 2021 15:02] Invalid argument supplied for foreach()
*[20 Sep 2021 15:02] mysql_connect(): The mysql extension is deprecated and will be removed in the future: use mysqli or PDO instead
*[20 Sep 2021 15:02] mysql_connect(): The mysql extension is deprecated and will be removed in the future: use mysqli or PDO instead
*[20 Sep 2021 15:02] Invalid argument supplied for foreach()
*[20 Sep 2021 15:02] Invalid argument supplied for foreach()
*[20 Sep 2021 15:02] mysql_connect(): The mysql extension is deprecated and will be removed in the future: use mysqli or PDO instead
*[20 Sep 2021 15:02] mysql_connect(): The mysql extension is deprecated and will be removed in the future: use mysqli or PDO instead
*[20 Sep 2021 15:02] Invalid argument supplied for foreach()
*[20 Sep 2021 15:02] Invalid argument supplied for foreach()
*[20 Sep 2021 15:02] mysql_connect(): The mysql extension is deprecated and will be removed in the future: use mysqli or PDO instead
*[20 Sep 2021 15:02] mysql_connect(): The mysql extension is deprecated and will be removed in the future: use mysqli or PDO instead
*[20 Sep 2021 15:02] Invalid argument supplied for foreach()
*[20 Sep 2021 15:02] Invalid argument supplied for foreach()
*[20 Sep 2021 15:04] mysql_connect(): The mysql extension is deprecated and will be removed in the future: use mysqli or PDO instead
*[20 Sep 2021 15:04] mysql_connect(): The mysql extension is deprecated and will be removed in the future: use mysqli or PDO instead
*[20 Sep 2021 15:04] Invalid argument supplied for foreach()
*[20 Sep 2021 15:04] Invalid argument supplied for foreach()
*[20 Sep 2021 15:06] mysql_connect(): The mysql extension is deprecated and will be removed in the future: use mysqli or PDO instead
*[20 Sep 2021 15:06] mysql_connect(): The mysql extension is deprecated and will be removed in the future: use mysqli or PDO instead
*[20 Sep 2021 15:06] Invalid argument supplied for foreach()
*[20 Sep 2021 15:06] Invalid argument supplied for foreach()
*[20 Sep 2021 15:07] mysql_connect(): The mysql extension is deprecated and will be removed in the future: use mysqli or PDO instead
*[20 Sep 2021 15:07] mysql_connect(): The mysql extension is deprecated and will be removed in the future: use mysqli or PDO instead
*[20 Sep 2021 15:07] Invalid argument supplied for foreach()
*[20 Sep 2021 15:07] mysql_fetch_assoc() expects parameter 1 to be resource, null given
*[20 Sep 2021 15:07] mysql_result() expects parameter 1 to be resource, boolean given
*[20 Sep 2021 15:07] Invalid argument supplied for foreach()
*[20 Sep 2021 15:07] mysql_connect(): The mysql extension is deprecated and will be removed in the future: use mysqli or PDO instead
*[20 Sep 2021 15:07] mysql_connect(): The mysql extension is deprecated and will be removed in the future: use mysqli or PDO instead
*[20 Sep 2021 15:07] Invalid argument supplied for foreach()
*[20 Sep 2021 15:07] Invalid argument supplied for foreach()
*[20 Sep 2021 15:07] mysql_connect(): The mysql extension is deprecated and will be removed in the future: use mysqli or PDO instead
*[20 Sep 2021 15:07] mysql_connect(): The mysql extension is deprecated and will be removed in the future: use mysqli or PDO instead
*[20 Sep 2021 15:07] Invalid argument supplied for foreach()
*[20 Sep 2021 15:07] Invalid argument supplied for foreach()
*[20 Sep 2021 15:08] mysql_connect(): The mysql extension is deprecated and will be removed in the future: use mysqli or PDO instead
*[20 Sep 2021 15:08] mysql_connect(): The mysql extension is deprecated and will be removed in the future: use mysqli or PDO instead
*[20 Sep 2021 15:08] Invalid argument supplied for foreach()
*[20 Sep 2021 15:08] Invalid argument supplied for foreach()
*[20 Sep 2021 15:12] mysql_connect(): The mysql extension is deprecated and will be removed in the future: use mysqli or PDO instead
*[20 Sep 2021 15:12] mysql_connect(): The mysql extension is deprecated and will be removed in the future: use mysqli or PDO instead
*[20 Sep 2021 15:12] Invalid argument supplied for foreach()
*[20 Sep 2021 15:12] mysql_connect(): The mysql extension is deprecated and will be removed in the future: use mysqli or PDO instead
*[20 Sep 2021 15:12] Invalid argument supplied for foreach()
*[20 Sep 2021 15:13] mysql_connect(): The mysql extension is deprecated and will be removed in the future: use mysqli or PDO instead
*[20 Sep 2021 15:13] mysql_connect(): The mysql extension is deprecated and will be removed in the future: use mysqli or PDO instead
*[20 Sep 2021 15:13] Invalid argument supplied for foreach()
*[20 Sep 2021 15:13] mysql_num_rows() expects parameter 1 to be resource, boolean given
*[20 Sep 2021 15:13] mysql_num_rows() expects parameter 1 to be resource, boolean given
*[20 Sep 2021 15:13] mysql_connect(): The mysql extension is deprecated and will be removed in the future: use mysqli or PDO instead
*[20 Sep 2021 15:13] Invalid argument supplied for foreach()
*[20 Sep 2021 15:13] mysql_connect(): The mysql extension is deprecated and will be removed in the future: use mysqli or PDO instead
*[20 Sep 2021 15:13] mysql_connect(): The mysql extension is deprecated and will be removed in the future: use mysqli or PDO instead
*[20 Sep 2021 15:13] Invalid argument supplied for foreach()
*[20 Sep 2021 15:13] mysql_num_rows() expects parameter 1 to be resource, boolean given
*[20 Sep 2021 15:13] Invalid argument supplied for foreach()
*[20 Sep 2021 15:13] mysql_connect(): The mysql extension is deprecated and will be removed in the future: use mysqli or PDO instead
*[20 Sep 2021 15:13] mysql_connect(): The mysql extension is deprecated and will be removed in the future: use mysqli or PDO instead
*[20 Sep 2021 15:13] Invalid argument supplied for foreach()
*[20 Sep 2021 15:13] Invalid argument supplied for foreach()
*[20 Sep 2021 15:21] mysql_connect(): The mysql extension is deprecated and will be removed in the future: use mysqli or PDO instead
*[20 Sep 2021 15:21] mysql_connect(): The mysql extension is deprecated and will be removed in the future: use mysqli or PDO instead
*[20 Sep 2021 15:21] Invalid argument supplied for foreach()
*[20 Sep 2021 15:21] Invalid argument supplied for foreach()
*[20 Sep 2021 15:22] mysql_connect(): The mysql extension is deprecated and will be removed in the future: use mysqli or PDO instead
*[20 Sep 2021 15:22] mysql_connect(): The mysql extension is deprecated and will be removed in the future: use mysqli or PDO instead
*[20 Sep 2021 15:22] Invalid argument supplied for foreach()
*[20 Sep 2021 15:22] Invalid argument supplied for foreach()
*[20 Sep 2021 15:23] mysql_connect(): The mysql extension is deprecated and will be removed in the future: use mysqli or PDO instead
*[20 Sep 2021 15:23] mysql_connect(): The mysql extension is deprecated and will be removed in the future: use mysqli or PDO instead
*[20 Sep 2021 15:23] Invalid argument supplied for foreach()
*[20 Sep 2021 15:23] Invalid argument supplied for foreach()
*[20 Sep 2021 15:24] mysql_connect(): The mysql extension is deprecated and will be removed in the future: use mysqli or PDO instead
*[20 Sep 2021 15:24] mysql_connect(): The mysql extension is deprecated and will be removed in the future: use mysqli or PDO instead
*[20 Sep 2021 15:24] Invalid argument supplied for foreach()
*[20 Sep 2021 15:24] Invalid argument supplied for foreach()
*[20 Sep 2021 15:24] mysql_connect(): The mysql extension is deprecated and will be removed in the future: use mysqli or PDO instead
*[20 Sep 2021 15:24] mysql_connect(): The mysql extension is deprecated and will be removed in the future: use mysqli or PDO instead
*[20 Sep 2021 15:24] Invalid argument supplied for foreach()
*[20 Sep 2021 15:24] Invalid argument supplied for foreach()
*[20 Sep 2021 15:24] mysql_connect(): The mysql extension is deprecated and will be removed in the future: use mysqli or PDO instead
*[20 Sep 2021 15:25] mysql_connect(): The mysql extension is deprecated and will be removed in the future: use mysqli or PDO instead
*[20 Sep 2021 15:25] Invalid argument supplied for foreach()
*[20 Sep 2021 15:25] Invalid argument supplied for foreach()
*[20 Sep 2021 15:25] mysql_connect(): The mysql extension is deprecated and will be removed in the future: use mysqli or PDO instead
*[20 Sep 2021 15:25] mysql_connect(): The mysql extension is deprecated and will be removed in the future: use mysqli or PDO instead
*[20 Sep 2021 15:25] Invalid argument supplied for foreach()
*[20 Sep 2021 15:25] Invalid argument supplied for foreach()
*[20 Sep 2021 15:25] mysql_connect(): The mysql extension is deprecated and will be removed in the future: use mysqli or PDO instead
*[20 Sep 2021 15:25] mysql_connect(): The mysql extension is deprecated and will be removed in the future: use mysqli or PDO instead
*[20 Sep 2021 15:25] Invalid argument supplied for foreach()
*[20 Sep 2021 15:25] Invalid argument supplied for foreach()
*[20 Sep 2021 15:25] mysql_connect(): The mysql extension is deprecated and will be removed in the future: use mysqli or PDO instead
*[20 Sep 2021 15:25] mysql_connect(): The mysql extension is deprecated and will be removed in the future: use mysqli or PDO instead
*[20 Sep 2021 15:25] Invalid argument supplied for foreach()
*[20 Sep 2021 15:25] Invalid argument supplied for foreach()
*[20 Sep 2021 15:26] mysql_connect(): The mysql extension is deprecated and will be removed in the future: use mysqli or PDO instead
*[20 Sep 2021 15:26] mysql_connect(): The mysql extension is deprecated and will be removed in the future: use mysqli or PDO instead
*[20 Sep 2021 15:26] Invalid argument supplied for foreach()
*[20 Sep 2021 15:26] Invalid argument supplied for foreach()
*[20 Sep 2021 15:27] mysql_connect(): The mysql extension is deprecated and will be removed in the future: use mysqli or PDO instead
*[20 Sep 2021 15:27] mysql_connect(): The mysql extension is deprecated and will be removed in the future: use mysqli or PDO instead
*[20 Sep 2021 15:27] Invalid argument supplied for foreach()
*[20 Sep 2021 15:27] Invalid argument supplied for foreach()
*[20 Sep 2021 15:27] mysql_connect(): The mysql extension is deprecated and will be removed in the future: use mysqli or PDO instead
*[20 Sep 2021 15:27] mysql_connect(): The mysql extension is deprecated and will be removed in the future: use mysqli or PDO instead
*[20 Sep 2021 15:27] Invalid argument supplied for foreach()
*[20 Sep 2021 15:27] Invalid argument supplied for foreach()
*[20 Sep 2021 15:28] mysql_connect(): The mysql extension is deprecated and will be removed in the future: use mysqli or PDO instead
*[20 Sep 2021 15:28] mysql_connect(): The mysql extension is deprecated and will be removed in the future: use mysqli or PDO instead
*[20 Sep 2021 15:28] Invalid argument supplied for foreach()
*[20 Sep 2021 15:28] Invalid argument supplied for foreach()
*[20 Sep 2021 15:28] mysql_connect(): The mysql extension is deprecated and will be removed in the future: use mysqli or PDO instead
*[20 Sep 2021 15:28] mysql_connect(): The mysql extension is deprecated and will be removed in the future: use mysqli or PDO instead
*[20 Sep 2021 15:28] Invalid argument supplied for foreach()
*[20 Sep 2021 15:28] Invalid argument supplied for foreach()
*[20 Sep 2021 15:28] mysql_connect(): The mysql extension is deprecated and will be removed in the future: use mysqli or PDO instead
*[20 Sep 2021 15:28] mysql_connect(): The mysql extension is deprecated and will be removed in the future: use mysqli or PDO instead
*[20 Sep 2021 15:28] Invalid argument supplied for foreach()
*[20 Sep 2021 15:28] Invalid argument supplied for foreach()
*[20 Sep 2021 15:29] mysql_connect(): The mysql extension is deprecated and will be removed in the future: use mysqli or PDO instead
*[20 Sep 2021 15:29] mysql_connect(): The mysql extension is deprecated and will be removed in the future: use mysqli or PDO instead
*[20 Sep 2021 15:29] Invalid argument supplied for foreach()
*[20 Sep 2021 15:29] Invalid argument supplied for foreach()
*[20 Sep 2021 15:30] mysql_connect(): The mysql extension is deprecated and will be removed in the future: use mysqli or PDO instead
*[20 Sep 2021 15:30] mysql_connect(): The mysql extension is deprecated and will be removed in the future: use mysqli or PDO instead
*[20 Sep 2021 15:30] Invalid argument supplied for foreach()
*[20 Sep 2021 15:30] Invalid argument supplied for foreach()
*[20 Sep 2021 15:30] mysql_connect(): The mysql extension is deprecated and will be removed in the future: use mysqli or PDO instead
*[20 Sep 2021 15:30] mysql_connect(): The mysql extension is deprecated and will be removed in the future: use mysqli or PDO instead
*[20 Sep 2021 15:30] Invalid argument supplied for foreach()
*[20 Sep 2021 15:30] Invalid argument supplied for foreach()
*[20 Sep 2021 15:30] mysql_connect(): The mysql extension is deprecated and will be removed in the future: use mysqli or PDO instead
*[20 Sep 2021 15:30] mysql_connect(): The mysql extension is deprecated and will be removed in the future: use mysqli or PDO instead
*[20 Sep 2021 15:30] Invalid argument supplied for foreach()
*[20 Sep 2021 15:30] Invalid argument supplied for foreach()
*[20 Sep 2021 15:32] mysql_connect(): The mysql extension is deprecated and will be removed in the future: use mysqli or PDO instead
*[20 Sep 2021 15:32] mysql_connect(): The mysql extension is deprecated and will be removed in the future: use mysqli or PDO instead
*[20 Sep 2021 15:32] Invalid argument supplied for foreach()
*[20 Sep 2021 15:32] Invalid argument supplied for foreach()
*[20 Sep 2021 16:36] mysql_connect(): The mysql extension is deprecated and will be removed in the future: use mysqli or PDO instead
*[20 Sep 2021 16:36] mysql_connect(): The mysql extension is deprecated and will be removed in the future: use mysqli or PDO instead
*[20 Sep 2021 16:36] Invalid argument supplied for foreach()
*[20 Sep 2021 16:36] Invalid argument supplied for foreach()
*[20 Sep 2021 16:36] mysql_connect(): The mysql extension is deprecated and will be removed in the future: use mysqli or PDO instead
*[20 Sep 2021 16:36] mysql_connect(): The mysql extension is deprecated and will be removed in the future: use mysqli or PDO instead
*[20 Sep 2021 16:36] Invalid argument supplied for foreach()
*[20 Sep 2021 16:36] Invalid argument supplied for foreach()
*[20 Sep 2021 16:36] mysql_connect(): The mysql extension is deprecated and will be removed in the future: use mysqli or PDO instead
*[20 Sep 2021 16:36] mysql_connect(): The mysql extension is deprecated and will be removed in the future: use mysqli or PDO instead
*[20 Sep 2021 16:36] Invalid argument supplied for foreach()
*[20 Sep 2021 16:36] Invalid argument supplied for foreach()
*[20 Sep 2021 16:40] mysql_connect(): The mysql extension is deprecated and will be removed in the future: use mysqli or PDO instead
*[20 Sep 2021 16:40] mysql_connect(): The mysql extension is deprecated and will be removed in the future: use mysqli or PDO instead
*[20 Sep 2021 16:40] Invalid argument supplied for foreach()
*[20 Sep 2021 16:40] Invalid argument supplied for foreach()
*[20 Sep 2021 16:40] mysql_connect(): The mysql extension is deprecated and will be removed in the future: use mysqli or PDO instead
*[20 Sep 2021 16:40] mysql_connect(): The mysql extension is deprecated and will be removed in the future: use mysqli or PDO instead
*[20 Sep 2021 16:40] Invalid argument supplied for foreach()
*[20 Sep 2021 16:40] Invalid argument supplied for foreach()
*[20 Sep 2021 16:41] mysql_connect(): The mysql extension is deprecated and will be removed in the future: use mysqli or PDO instead
*[20 Sep 2021 16:41] mysql_connect(): The mysql extension is deprecated and will be removed in the future: use mysqli or PDO instead
*[20 Sep 2021 16:41] Invalid argument supplied for foreach()
*[20 Sep 2021 16:41] Invalid argument supplied for foreach()
*[20 Sep 2021 16:41] mysql_connect(): The mysql extension is deprecated and will be removed in the future: use mysqli or PDO instead
*[20 Sep 2021 16:41] mysql_connect(): The mysql extension is deprecated and will be removed in the future: use mysqli or PDO instead
*[20 Sep 2021 16:42] mysql_fetch_assoc() expects parameter 1 to be resource, boolean given
*[20 Sep 2021 16:42] 模板错误:活动模板不存在或缺少文件。
*[20 Sep 2021 16:44] mysql_connect(): The mysql extension is deprecated and will be removed in the future: use mysqli or PDO instead
*[20 Sep 2021 16:44] mysql_connect(): The mysql extension is deprecated and will be removed in the future: use mysqli or PDO instead
*[20 Sep 2021 16:44] Invalid argument supplied for foreach()
*[20 Sep 2021 16:44] Invalid argument supplied for foreach()
*[20 Sep 2021 16:45] mysql_connect(): The mysql extension is deprecated and will be removed in the future: use mysqli or PDO instead
*[20 Sep 2021 16:45] mysql_connect(): The mysql extension is deprecated and will be removed in the future: use mysqli or PDO instead
*[20 Sep 2021 16:45] Invalid argument supplied for foreach()
*[20 Sep 2021 16:45] Invalid argument supplied for foreach()
*[20 Sep 2021 16:45] mysql_connect(): The mysql extension is deprecated and will be removed in the future: use mysqli or PDO instead
*[20 Sep 2021 16:45] mysql_connect(): The mysql extension is deprecated and will be removed in the future: use mysqli or PDO instead
*[20 Sep 2021 16:45] Invalid argument supplied for foreach()
*[20 Sep 2021 16:45] mysql_connect(): The mysql extension is deprecated and will be removed in the future: use mysqli or PDO instead
*[20 Sep 2021 16:45] mysql_connect(): The mysql extension is deprecated and will be removed in the future: use mysqli or PDO instead
*[20 Sep 2021 16:45] Invalid argument supplied for foreach()
*[20 Sep 2021 16:45] Invalid argument supplied for foreach()
*[20 Sep 2021 16:45] Invalid argument supplied for foreach()
*[20 Sep 2021 16:55] mysql_connect(): The mysql extension is deprecated and will be removed in the future: use mysqli or PDO instead
*[20 Sep 2021 16:55] mysql_connect(): The mysql extension is deprecated and will be removed in the future: use mysqli or PDO instead
*[20 Sep 2021 16:55] mysql_fetch_assoc() expects parameter 1 to be resource, boolean given
*[20 Sep 2021 16:55] 模板错误:活动模板不存在或缺少文件。
